
		Wed Feb 21 2024
13:06:17 OpenLink Virtuoso Universal Server
13:06:17 Version 07.20.3217-pthreads for Linux as of Aug 15 2017
13:06:17 uses parts of OpenSSL, PCRE, Html Tidy
13:06:17 SQL Optimizer enabled (max 1000 layouts)
13:06:17 Compiler unit is timed at 0.000200 msec
13:06:18 Checkpoint started
13:06:18 Roll forward started
13:06:18 Roll forward complete
13:06:18 Checkpoint started
13:06:18 Checkpoint finished, log reused
13:06:18 Checkpoint started
13:06:18 Checkpoint finished, log reused
13:06:18 Checkpoint started
13:06:18 Checkpoint finished, log reused
13:06:19 Checkpoint started
13:06:19 Checkpoint finished, log reused
13:06:19 Checkpoint started
13:06:19 Checkpoint finished, log reused
13:06:19 PL LOG: Installing Virtuoso Conductor version 1.00.8759 (DAV)
13:06:19 PL LOG: Installing with dependencies Virtuoso Conductor version 1.00.8759/2017-08-15 11:02 (DAV)
13:06:19 Checkpoint started
13:06:19 Checkpoint finished, log reused
13:06:20 Checkpoint started
13:06:20 Checkpoint finished, log reused
13:06:20 PL LOG: Installation with dependencies complete
13:06:20 Checkpoint started
13:06:20 Checkpoint finished, log reused
13:06:20 HTTP/WebDAV server online at 8890
13:06:20 Server online at 1111 (pid 1)
13:07:57 Server received signal 2
13:07:57 Initiating normal shutdown
13:07:57 Checkpoint started
13:07:57 Checkpoint finished, log reused
13:07:57 Server shutdown complete
